12:42:27 **** Incremental Build of configuration Debug for project Car_system ****
make all 
Building target: Car_system.elf
Invoking: AVR C Linker
avr-gcc -Wl,-Map,Car_system.map -mmcu=atmega16 -o "Car_system.elf"  ./MCAL/TIMER0/TIMER0_config.o ./MCAL/TIMER0/TIMER0_program.o  ./MCAL/GPIO/GPIO_program.o  ./MCAL/EXT_INT/EXT_INT_program.o  ./HAL/LED/LED_program.o  ./HAL/LCD/LCD_program.o  ./HAL/Buzzer/Buzzer_program.o  ./HAL/BUTTON/BUTTON_program.o  ./Application/Application_program.o  ./main.o   
Finished building target: Car_system.elf
 
Invoking: AVR Create Extended Listing
avr-objdump -h -S Car_system.elf  >"Car_system.lss"
Finished building: Car_system.lss
 
Create Flash image (ihex format)
avr-objcopy -R .eeprom -R .fuse -R .lock -R .signature -O ihex Car_system.elf  "Car_system.hex"
Finished building: Car_system.hex
 
Invoking: Print Size
avr-size --format=avr --mcu=atmega16 Car_system.elf
AVR Memory Usage
----------------
Device: atmega16

Program:   14496 bytes (88.5% Full)
(.text + .data + .bootloader)

Data:        103 bytes (10.1% Full)
(.data + .bss + .noinit)


Finished building: sizedummy
 
